<?xml version="1.0" encoding="UTF-8"?>
<!-- Generated by org.testng.reporters.JUnitXMLReporter -->
<testsuite ignored="0" hostname="Endeavor" failures="2" tests="2" name="Test" time="1.423" errors="0" timestamp="2024-07-24T22:32:36 IST">
  <testcase classname="api.test.DDTests" name="testPostUser" time="0.0">
    <failure type="java.lang.RuntimeException" message="java.lang.NullPointerException: Cannot invoke &amp;quot;org.apache.poi.xssf.usermodel.XSSFSheet.getRow(int)&amp;quot; because &amp;quot;this.sheet&amp;quot; is null">
      <![CDATA[java.lang.RuntimeException: java.lang.NullPointerException: Cannot invoke "org.apache.poi.xssf.usermodel.XSSFSheet.getRow(int)" because "this.sheet" is null
at java.base/java.util.ArrayList.forEach(ArrayList.java:1511)
Caused by: java.lang.NullPointerException: Cannot invoke "org.apache.poi.xssf.usermodel.XSSFSheet.getRow(int)" because "this.sheet" is null
at api.utilities.ExcelUtility.getCellCount(ExcelUtility.java:48)
at api.utilities.DataProviders.getAllData(DataProviders.java:16)
... 25 more
... Removed 32 stack frames]]>
    </failure>
  </testcase> <!-- testPostUser -->
  <testcase classname="api.test.DDTests" name="testDeleteUser" time="0.0">
    <failure type="java.lang.RuntimeException" message="java.lang.NullPointerException: Cannot invoke &amp;quot;org.apache.poi.xssf.usermodel.XSSFSheet.getRow(int)&amp;quot; because &amp;quot;this.sheet&amp;quot; is null">
      <![CDATA[java.lang.RuntimeException: java.lang.NullPointerException: Cannot invoke "org.apache.poi.xssf.usermodel.XSSFSheet.getRow(int)" because "this.sheet" is null
at java.base/java.util.ArrayList.forEach(ArrayList.java:1511)
Caused by: java.lang.NullPointerException: Cannot invoke "org.apache.poi.xssf.usermodel.XSSFSheet.getRow(int)" because "this.sheet" is null
at api.utilities.ExcelUtility.getCellData(ExcelUtility.java:61)
at api.utilities.DataProviders.getUserNames(DataProviders.java:40)
... 25 more
... Removed 32 stack frames]]>
    </failure>
  </testcase> <!-- testDeleteUser -->
</testsuite> <!-- Test -->
