<?xml version="1.0" encoding="UTF-8"?>
<!-- Generated by org.testng.reporters.JUnitXMLReporter -->
<testsuite ignored="0" hostname="Endeavor" failures="0" tests="4" name="Test" time="10.051" errors="0" timestamp="2024-07-30T06:09:42 IST">
  <testcase classname="api.test.UserTests" name="testPostUser" time="4.481"/>
  <testcase classname="api.test.UserTests" name="testGetUser" time="1.183"/>
  <testcase classname="api.test.UserTests" name="testUpdateUser" time="2.363"/>
  <testcase classname="api.test.UserTests" name="testDeleteUser" time="1.16"/>
</testsuite> <!-- Test -->
