<?xml version="1.0" encoding="UTF-8"?>
<!-- Generated by org.testng.reporters.JUnitXMLReporter -->
<testsuite ignored="0" hostname="Endeavor" failures="0" tests="4" name="Test" time="9.892" errors="0" timestamp="2024-07-26T01:45:32 IST">
  <testcase classname="api.test.UserTests" name="testPostUser" time="4.338"/>
  <testcase classname="api.test.UserTests" name="testGetUser" time="1.231"/>
  <testcase classname="api.test.UserTests" name="testUpdateUser" time="2.33"/>
  <testcase classname="api.test.UserTests" name="testDeleteUser" time="1.124"/>
</testsuite> <!-- Test -->
