<?xml version="1.0" encoding="UTF-8"?>
<testng-results ignored="0" total="4" passed="4" failed="0" skipped="0">
  <reporter-output>
  </reporter-output>
  <suite started-at="2024-07-30T06:09:32 IST" name="Suite" finished-at="2024-07-30T06:09:42 IST" duration-ms="10051">
    <groups>
    </groups>
    <test started-at="2024-07-30T06:09:32 IST" name="Test" finished-at="2024-07-30T06:09:42 IST" duration-ms="10051">
      <class name="api.test.UserTests">
        <test-method is-config="true" signature="setUp()[pri:0, instance:api.test.UserTests@1189dd52]" started-at="2024-07-30T06:09:32 IST" name="setUp" finished-at="2024-07-30T06:09:33 IST" duration-ms="440" status="PASS">
          <reporter-output>
          </reporter-output>
        </test-method> <!-- setUp -->
        <test-method signature="testPostUser()[pri:1, instance:api.test.UserTests@1189dd52]" started-at="2024-07-30T06:09:33 IST" name="testPostUser" finished-at="2024-07-30T06:09:37 IST" duration-ms="4481" status="PASS">
          <reporter-output>
          </reporter-output>
        </test-method> <!-- testPostUser -->
        <test-method signature="testGetUser()[pri:2, instance:api.test.UserTests@1189dd52]" started-at="2024-07-30T06:09:37 IST" name="testGetUser" finished-at="2024-07-30T06:09:38 IST" duration-ms="1183" status="PASS">
          <reporter-output>
          </reporter-output>
        </test-method> <!-- testGetUser -->
        <test-method signature="testUpdateUser()[pri:3, instance:api.test.UserTests@1189dd52]" started-at="2024-07-30T06:09:38 IST" name="testUpdateUser" finished-at="2024-07-30T06:09:41 IST" duration-ms="2363" status="PASS">
          <reporter-output>
          </reporter-output>
        </test-method> <!-- testUpdateUser -->
        <test-method signature="testDeleteUser()[pri:4, instance:api.test.UserTests@1189dd52]" started-at="2024-07-30T06:09:41 IST" name="testDeleteUser" finished-at="2024-07-30T06:09:42 IST" duration-ms="1160" status="PASS">
          <reporter-output>
          </reporter-output>
        </test-method> <!-- testDeleteUser -->
      </class> <!-- api.test.UserTests -->
    </test> <!-- Test -->
  </suite> <!-- Suite -->
</testng-results>
