<?xml version="1.0" encoding="UTF-8"?>
<testng-results ignored="0" total="4" passed="4" failed="0" skipped="0">
  <reporter-output>
  </reporter-output>
  <suite started-at="2024-07-26T01:45:22 IST" name="Suite" finished-at="2024-07-26T01:45:32 IST" duration-ms="9892">
    <groups>
    </groups>
    <test started-at="2024-07-26T01:45:22 IST" name="Test" finished-at="2024-07-26T01:45:32 IST" duration-ms="9892">
      <class name="api.test.UserTests">
        <test-method is-config="true" signature="setUp()[pri:0, instance:api.test.UserTests@1189dd52]" started-at="2024-07-26T01:45:23 IST" name="setUp" finished-at="2024-07-26T01:45:23 IST" duration-ms="421" status="PASS">
          <reporter-output>
          </reporter-output>
        </test-method> <!-- setUp -->
        <test-method signature="testPostUser()[pri:1, instance:api.test.UserTests@1189dd52]" started-at="2024-07-26T01:45:23 IST" name="testPostUser" finished-at="2024-07-26T01:45:28 IST" duration-ms="4338" status="PASS">
          <reporter-output>
          </reporter-output>
        </test-method> <!-- testPostUser -->
        <test-method signature="testGetUser()[pri:2, instance:api.test.UserTests@1189dd52]" started-at="2024-07-26T01:45:28 IST" name="testGetUser" finished-at="2024-07-26T01:45:29 IST" duration-ms="1231" status="PASS">
          <reporter-output>
          </reporter-output>
        </test-method> <!-- testGetUser -->
        <test-method signature="testUpdateUser()[pri:3, instance:api.test.UserTests@1189dd52]" started-at="2024-07-26T01:45:29 IST" name="testUpdateUser" finished-at="2024-07-26T01:45:31 IST" duration-ms="2330" status="PASS">
          <reporter-output>
          </reporter-output>
        </test-method> <!-- testUpdateUser -->
        <test-method signature="testDeleteUser()[pri:4, instance:api.test.UserTests@1189dd52]" started-at="2024-07-26T01:45:31 IST" name="testDeleteUser" finished-at="2024-07-26T01:45:32 IST" duration-ms="1124" status="PASS">
          <reporter-output>
          </reporter-output>
        </test-method> <!-- testDeleteUser -->
      </class> <!-- api.test.UserTests -->
    </test> <!-- Test -->
  </suite> <!-- Suite -->
</testng-results>
